<?xml version="1.0" encoding="UTF-8"?>
<testsuite xmlns:xsi="http://www.w3.org/2001/XMLSchema-instance" xsi:noNamespaceSchemaLocation="https://maven.apache.org/surefire/maven-surefire-plugin/xsd/surefire-test-report-3.0.xsd" version="3.0" name="com.sbits.library.repository.BookRepositoryTest" time="0.062" tests="7" errors="0" skipped="0" failures="0">
  <properties>
[...]
</properties>
  <testcase name="testSaveBook" classname="com.sbits.library.repository.BookRepositoryTest" time="0.009">
    <system-out><![CDATA[&amp#27;[2m2026-05-03T04:27:39.825+05:30&amp#27;[0;39m &amp#27;[32m INFO&amp#27;[0;39m &amp#27;[35m65455&amp#27;[0;39m &amp#27;[2m---&amp#27;[0;39m &amp#27;[2m[library-management] [           main]&amp#27;[0;39m &amp#27;[2m&amp#27;[0;39m&amp#27;[36mt.c.s.AnnotationConfigContextLoaderUtils&amp#27;[0;39m &amp#27;[2m:&amp#27;[0;39m Could not detect default configuration classes for test class [com.sbits.library.repository.BookRepositoryTest]: BookRepositoryTest does not declare any static, non-private, non-final, nested classes annotated with @Configuration.
&amp#27;[2m2026-05-03T04:27:39.831+05:30&amp#27;[0;39m &amp#27;[32m INFO&amp#27;[0;39m &amp#27;[35m65455&amp#27;[0;39m &amp#27;[2m---&amp#27;[0;39m &amp#27;[2m[library-management] [           main]&amp#27;[0;39m &amp#27;[2m&amp#27;[0;39m&amp#27;[36m.b.t.c.SpringBootTestContextBootstrapper&amp#27;[0;39m &amp#27;[2m:&amp#27;[0;39m Found @SpringBootConfiguration com.sbits.library.LibraryApplication for test class com.sbits.library.repository.BookRepositoryTest
Hibernate: select b1_0.id,b1_0.author_id,b1_0.genre,b1_0.isbn,b1_0.price,b1_0.title from books b1_0
Hibernate: select a1_0.id,a1_0.email,a1_0.name,a1_0.nationality from authors a1_0
Hibernate: insert into authors (email,name,nationality,id) values (?,?,?,default)
Hibernate: insert into books (author_id,genre,isbn,price,title,id) values (?,?,?,?,?,default)
Hibernate: insert into books (author_id,genre,isbn,price,title,id) values (?,?,?,?,?,default)
]]></system-out>
  </testcase>
  <testcase name="testFindAll" classname="com.sbits.library.repository.BookRepositoryTest" time="0.009">
    <system-out><![CDATA[Hibernate: select b1_0.id,b1_0.author_id,b1_0.genre,b1_0.isbn,b1_0.price,b1_0.title from books b1_0
Hibernate: select a1_0.id,a1_0.email,a1_0.name,a1_0.nationality from authors a1_0
Hibernate: insert into authors (email,name,nationality,id) values (?,?,?,default)
Hibernate: insert into books (author_id,genre,isbn,price,title,id) values (?,?,?,?,?,default)
Hibernate: insert into books (author_id,genre,isbn,price,title,id) values (?,?,?,?,?,default)
Hibernate: select b1_0.id,b1_0.author_id,b1_0.genre,b1_0.isbn,b1_0.price,b1_0.title from books b1_0
]]></system-out>
  </testcase>
  <testcase name="testUpdateBook" classname="com.sbits.library.repository.BookRepositoryTest" time="0.005">
    <system-out><![CDATA[Hibernate: select b1_0.id,b1_0.author_id,b1_0.genre,b1_0.isbn,b1_0.price,b1_0.title from books b1_0
Hibernate: select a1_0.id,a1_0.email,a1_0.name,a1_0.nationality from authors a1_0
Hibernate: insert into authors (email,name,nationality,id) values (?,?,?,default)
Hibernate: insert into books (author_id,genre,isbn,price,title,id) values (?,?,?,?,?,default)
]]></system-out>
  </testcase>
  <testcase name="testFindBooksWithAuthors" classname="com.sbits.library.repository.BookRepositoryTest" time="0.01">
    <system-out><![CDATA[Hibernate: select b1_0.id,b1_0.author_id,b1_0.genre,b1_0.isbn,b1_0.price,b1_0.title from books b1_0
Hibernate: select a1_0.id,a1_0.email,a1_0.name,a1_0.nationality from authors a1_0
Hibernate: insert into authors (email,name,nationality,id) values (?,?,?,default)
Hibernate: insert into books (author_id,genre,isbn,price,title,id) values (?,?,?,?,?,default)
Hibernate: select b1_0.id,b1_0.author_id,b1_0.genre,b1_0.isbn,b1_0.price,b1_0.title,a1_0.id,a1_0.email,a1_0.name,a1_0.nationality from books b1_0 join authors a1_0 on a1_0.id=b1_0.author_id order by b1_0.title
]]></system-out>
  </testcase>
  <testcase name="testFindById" classname="com.sbits.library.repository.BookRepositoryTest" time="0.004">
    <system-out><![CDATA[Hibernate: select b1_0.id,b1_0.author_id,b1_0.genre,b1_0.isbn,b1_0.price,b1_0.title from books b1_0
Hibernate: select a1_0.id,a1_0.email,a1_0.name,a1_0.nationality from authors a1_0
Hibernate: insert into authors (email,name,nationality,id) values (?,?,?,default)
Hibernate: insert into books (author_id,genre,isbn,price,title,id) values (?,?,?,?,?,default)
]]></system-out>
  </testcase>
  <testcase name="testFindByGenre" classname="com.sbits.library.repository.BookRepositoryTest" time="0.006">
    <system-out><![CDATA[Hibernate: select b1_0.id,b1_0.author_id,b1_0.genre,b1_0.isbn,b1_0.price,b1_0.title from books b1_0
Hibernate: select a1_0.id,a1_0.email,a1_0.name,a1_0.nationality from authors a1_0
Hibernate: insert into authors (email,name,nationality,id) values (?,?,?,default)
Hibernate: insert into books (author_id,genre,isbn,price,title,id) values (?,?,?,?,?,default)
Hibernate: insert into books (author_id,genre,isbn,price,title,id) values (?,?,?,?,?,default)
Hibernate: select b1_0.id,b1_0.author_id,b1_0.genre,b1_0.isbn,b1_0.price,b1_0.title from books b1_0 where b1_0.genre=?
]]></system-out>
  </testcase>
  <testcase name="testFindByAuthorId" classname="com.sbits.library.repository.BookRepositoryTest" time="0.005">
    <system-out><![CDATA[Hibernate: select b1_0.id,b1_0.author_id,b1_0.genre,b1_0.isbn,b1_0.price,b1_0.title from books b1_0
Hibernate: select a1_0.id,a1_0.email,a1_0.name,a1_0.nationality from authors a1_0
Hibernate: insert into authors (email,name,nationality,id) values (?,?,?,default)
Hibernate: insert into books (author_id,genre,isbn,price,title,id) values (?,?,?,?,?,default)
Hibernate: select b1_0.id,b1_0.author_id,b1_0.genre,b1_0.isbn,b1_0.price,b1_0.title from books b1_0 left join authors a1_0 on a1_0.id=b1_0.author_id where a1_0.id=?
]]></system-out>
  </testcase>
</testsuite>