<?xml version="1.0" encoding="UTF-8"?>
<testsuite xmlns:xsi="http://www.w3.org/2001/XMLSchema-instance" xsi:noNamespaceSchemaLocation="https://maven.apache.org/surefire/maven-surefire-plugin/xsd/surefire-test-report-3.0.xsd" version="3.0" name="com.sbits.library.repository.AuthorRepositoryTest" time="2.145" tests="7" errors="0" skipped="0" failures="0">
  <properties>
[...]
</properties>
  <testcase name="testFindByNationality" classname="com.sbits.library.repository.AuthorRepositoryTest" time="0.434">
    <system-out><![CDATA[04:27:37.755 [main] INFO org.springframework.test.context.support.AnnotationConfigContextLoaderUtils -- Could not detect default configuration classes for test class [com.sbits.library.repository.AuthorRepositoryTest]: AuthorRepositoryTest does not declare any static, non-private, non-final, nested classes annotated with @Configuration.
04:27:37.801 [main] INFO org.springframework.boot.test.context.SpringBootTestContextBootstrapper -- Found @SpringBootConfiguration com.sbits.library.LibraryApplication for test class com.sbits.library.repository.AuthorRepositoryTest

  .   ____          _            __ _ _
 /\\ / ___'_ __ _ _(_)_ __  __ _ \ \ \ \
( ( )\___ | '_ | '_| | '_ \/ _` | \ \ \ \
 \\/  ___)| |_)| | | | | || (_| |  ) ) ) )
  '  |____| .__|_| |_|_| |_\__, | / / / /
 =========|_|==============|___/=/_/_/_/
&amp#27;[32m :: Spring Boot :: &amp#27;[39m              &amp#27;[2m (v3.2.5)&amp#27;[0;39m

&amp#27;[2m2026-05-03T04:27:37.998+05:30&amp#27;[0;39m &amp#27;[32m INFO&amp#27;[0;39m &amp#27;[35m65455&amp#27;[0;39m &amp#27;[2m---&amp#27;[0;39m &amp#27;[2m[library-management] [           main]&amp#27;[0;39m &amp#27;[2m&amp#27;[0;39m&amp#27;[36mc.s.l.repository.AuthorRepositoryTest   &amp#27;[0;39m &amp#27;[2m:&amp#27;[0;39m Starting AuthorRepositoryTest using Java 22.0.2 with PID 65455 (started by milapkothari in /Users/milapkothari/sbits)
&amp#27;[2m2026-05-03T04:27:37.999+05:30&amp#27;[0;39m &amp#27;[32m INFO&amp#27;[0;39m &amp#27;[35m65455&amp#27;[0;39m &amp#27;[2m---&amp#27;[0;39m &amp#27;[2m[library-management] [           main]&amp#27;[0;39m &amp#27;[2m&amp#27;[0;39m&amp#27;[36mc.s.l.repository.AuthorRepositoryTest   &amp#27;[0;39m &amp#27;[2m:&amp#27;[0;39m No active profile set, falling back to 1 default profile: "default"
&amp#27;[2m2026-05-03T04:27:38.151+05:30&amp#27;[0;39m &amp#27;[32m INFO&amp#27;[0;39m &amp#27;[35m65455&amp#27;[0;39m &amp#27;[2m---&amp#27;[0;39m &amp#27;[2m[library-management] [           main]&amp#27;[0;39m &amp#27;[2m&amp#27;[0;39m&amp#27;[36m.s.d.r.c.RepositoryConfigurationDelegate&amp#27;[0;39m &amp#27;[2m:&amp#27;[0;39m Bootstrapping Spring Data JPA repositories in DEFAULT mode.
&amp#27;[2m2026-05-03T04:27:38.174+05:30&amp#27;[0;39m &amp#27;[32m INFO&amp#27;[0;39m &amp#27;[35m65455&amp#27;[0;39m &amp#27;[2m---&amp#27;[0;39m &amp#27;[2m[library-management] [           main]&amp#27;[0;39m &amp#27;[2m&amp#27;[0;39m&amp#27;[36m.s.d.r.c.RepositoryConfigurationDelegate&amp#27;[0;39m &amp#27;[2m:&amp#27;[0;39m Finished Spring Data repository scanning in 18 ms. Found 2 JPA repository interfaces.
&amp#27;[2m2026-05-03T04:27:38.195+05:30&amp#27;[0;39m &amp#27;[32m INFO&amp#27;[0;39m &amp#27;[35m65455&amp#27;[0;39m &amp#27;[2m---&amp#27;[0;39m &amp#27;[2m[library-management] [           main]&amp#27;[0;39m &amp#27;[2m&amp#27;[0;39m&amp#27;[36mbeddedDataSourceBeanFactoryPostProcessor&amp#27;[0;39m &amp#27;[2m:&amp#27;[0;39m Replacing 'dataSource' DataSource bean with embedded version
&amp#27;[2m2026-05-03T04:27:38.258+05:30&amp#27;[0;39m &amp#27;[32m INFO&amp#27;[0;39m &amp#27;[35m65455&amp#27;[0;39m &amp#27;[2m---&amp#27;[0;39m &amp#27;[2m[library-management] [           main]&amp#27;[0;39m &amp#27;[2m&amp#27;[0;39m&amp#27;[36mo.s.j.d.e.EmbeddedDatabaseFactory       &amp#27;[0;39m &amp#27;[2m:&amp#27;[0;39m Starting embedded database: url='jdbc:h2:mem:faa0efd4-a5fd-4a0b-97a0-8a5f204798c0;DB_CLOSE_DELAY=-1;DB_CLOSE_ON_EXIT=false', username='sa'
&amp#27;[2m2026-05-03T04:27:38.370+05:30&amp#27;[0;39m &amp#27;[32m INFO&amp#27;[0;39m &amp#27;[35m65455&amp#27;[0;39m &amp#27;[2m---&amp#27;[0;39m &amp#27;[2m[library-management] [           main]&amp#27;[0;39m &amp#27;[2m&amp#27;[0;39m&amp#27;[36mo.hibernate.jpa.internal.util.LogHelper &amp#27;[0;39m &amp#27;[2m:&amp#27;[0;39m HHH000204: Processing PersistenceUnitInfo [name: default]
&amp#27;[2m2026-05-03T04:27:38.401+05:30&amp#27;[0;39m &amp#27;[32m INFO&amp#27;[0;39m &amp#27;[35m65455&amp#27;[0;39m &amp#27;[2m---&amp#27;[0;39m &amp#27;[2m[library-management] [           main]&amp#27;[0;39m &amp#27;[2m&amp#27;[0;39m&amp#27;[36morg.hibernate.Version                   &amp#27;[0;39m &amp#27;[2m:&amp#27;[0;39m HHH000412: Hibernate ORM core version 6.4.4.Final
&amp#27;[2m2026-05-03T04:27:38.421+05:30&amp#27;[0;39m &amp#27;[32m INFO&amp#27;[0;39m &amp#27;[35m65455&amp#27;[0;39m &amp#27;[2m---&amp#27;[0;39m &amp#27;[2m[library-management] [           main]&amp#27;[0;39m &amp#27;[2m&amp#27;[0;39m&amp#27;[36mo.h.c.internal.RegionFactoryInitiator   &amp#27;[0;39m &amp#27;[2m:&amp#27;[0;39m HHH000026: Second-level cache disabled
&amp#27;[2m2026-05-03T04:27:38.525+05:30&amp#27;[0;39m &amp#27;[32m INFO&amp#27;[0;39m &amp#27;[35m65455&amp#27;[0;39m &amp#27;[2m---&amp#27;[0;39m &amp#27;[2m[library-management] [           main]&amp#27;[0;39m &amp#27;[2m&amp#27;[0;39m&amp#27;[36mo.s.o.j.p.SpringPersistenceUnitInfo     &amp#27;[0;39m &amp#27;[2m:&amp#27;[0;39m No LoadTimeWeaver setup: ignoring JPA class transformer
&amp#27;[2m2026-05-03T04:27:38.548+05:30&amp#27;[0;39m &amp#27;[33m WARN&amp#27;[0;39m &amp#27;[35m65455&amp#27;[0;39m &amp#27;[2m---&amp#27;[0;39m &amp#27;[2m[library-management] [           main]&amp#27;[0;39m &amp#27;[2m&amp#27;[0;39m&amp#27;[36morg.hibernate.orm.deprecation           &amp#27;[0;39m &amp#27;[2m:&amp#27;[0;39m HHH90000025: H2Dialect does not need to be specified explicitly using 'hibernate.dialect' (remove the property setting and it will be selected by default)
&amp#27;[2m2026-05-03T04:27:38.922+05:30&amp#27;[0;39m &amp#27;[32m INFO&amp#27;[0;39m &amp#27;[35m65455&amp#27;[0;39m &amp#27;[2m---&amp#27;[0;39m &amp#27;[2m[library-management] [           main]&amp#27;[0;39m &amp#27;[2m&amp#27;[0;39m&amp#27;[36mo.h.e.t.j.p.i.JtaPlatformInitiator      &amp#27;[0;39m &amp#27;[2m:&amp#27;[0;39m HHH000489: No JTA platform available (set 'hibernate.transaction.jta.platform' to enable JTA platform integration)
Hibernate: drop table if exists authors cascade 
Hibernate: drop table if exists books cascade 
Hibernate: create table authors (id bigint generated by default as identity, email varchar(255) not null unique, name varchar(255) not null, nationality varchar(255) not null, primary key (id))
Hibernate: create table books (price float(53) not null, author_id bigint not null, id bigint generated by default as identity, genre varchar(255) not null, isbn varchar(255) not null unique, title varchar(255) not null, primary key (id))
Hibernate: alter table if exists books add constraint FKfjixh2vym2cvfj3ufxj91jem7 foreign key (author_id) references authors
&amp#27;[2m2026-05-03T04:27:38.941+05:30&amp#27;[0;39m &amp#27;[32m INFO&amp#27;[0;39m &amp#27;[35m65455&amp#27;[0;39m &amp#27;[2m---&amp#27;[0;39m &amp#27;[2m[library-management] [           main]&amp#27;[0;39m &amp#27;[2m&amp#27;[0;39m&amp#27;[36mj.LocalContainerEntityManagerFactoryBean&amp#27;[0;39m &amp#27;[2m:&amp#27;[0;39m Initialized JPA EntityManagerFactory for persistence unit 'default'
&amp#27;[2m2026-05-03T04:27:39.047+05:30&amp#27;[0;39m &amp#27;[32m INFO&amp#27;[0;39m &amp#27;[35m65455&amp#27;[0;39m &amp#27;[2m---&amp#27;[0;39m &amp#27;[2m[library-management] [           main]&amp#27;[0;39m &amp#27;[2m&amp#27;[0;39m&amp#27;[36mo.s.d.j.r.query.QueryEnhancerFactory    &amp#27;[0;39m &amp#27;[2m:&amp#27;[0;39m Hibernate is in classpath; If applicable, HQL parser will be used.
&amp#27;[2m2026-05-03T04:27:39.350+05:30&amp#27;[0;39m &amp#27;[32m INFO&amp#27;[0;39m &amp#27;[35m65455&amp#27;[0;39m &amp#27;[2m---&amp#27;[0;39m &amp#27;[2m[library-management] [           main]&amp#27;[0;39m &amp#27;[2m&amp#27;[0;39m&amp#27;[36mc.s.l.repository.AuthorRepositoryTest   &amp#27;[0;39m &amp#27;[2m:&amp#27;[0;39m Started AuthorRepositoryTest in 1.521 seconds (process running for 1.944)
Hibernate: select a1_0.id,a1_0.email,a1_0.name,a1_0.nationality from authors a1_0
Hibernate: insert into authors (email,name,nationality,id) values (?,?,?,default)
Hibernate: insert into authors (email,name,nationality,id) values (?,?,?,default)
Hibernate: select a1_0.id,a1_0.email,a1_0.name,a1_0.nationality from authors a1_0 where a1_0.nationality=?
]]></system-out>
    <system-err><![CDATA[WARNING: A Java agent has been loaded dynamically (/Users/milapkothari/.m2/repository/net/bytebuddy/byte-buddy-agent/1.14.13/byte-buddy-agent-1.14.13.jar)
WARNING: If a serviceability tool is in use, please run with -XX:+EnableDynamicAgentLoading to hide this warning
WARNING: If a serviceability tool is not in use, please run with -Djdk.instrument.traceUsage for more information
WARNING: Dynamic loading of agents will be disallowed by default in a future release
]]></system-err>
  </testcase>
  <testcase name="testFindAll" classname="com.sbits.library.repository.AuthorRepositoryTest" time="0.006">
    <system-out><![CDATA[Hibernate: select a1_0.id,a1_0.email,a1_0.name,a1_0.nationality from authors a1_0
Hibernate: insert into authors (email,name,nationality,id) values (?,?,?,default)
Hibernate: insert into authors (email,name,nationality,id) values (?,?,?,default)
Hibernate: select a1_0.id,a1_0.email,a1_0.name,a1_0.nationality from authors a1_0
]]></system-out>
  </testcase>
  <testcase name="testUpdateAuthor" classname="com.sbits.library.repository.AuthorRepositoryTest" time="0.005">
    <system-out><![CDATA[Hibernate: select a1_0.id,a1_0.email,a1_0.name,a1_0.nationality from authors a1_0
Hibernate: insert into authors (email,name,nationality,id) values (?,?,?,default)
]]></system-out>
  </testcase>
  <testcase name="testFindByEmailReturnsNullWhenNotFound" classname="com.sbits.library.repository.AuthorRepositoryTest" time="0.004">
    <system-out><![CDATA[Hibernate: select a1_0.id,a1_0.email,a1_0.name,a1_0.nationality from authors a1_0
Hibernate: insert into authors (email,name,nationality,id) values (?,?,?,default)
Hibernate: select a1_0.id,a1_0.email,a1_0.name,a1_0.nationality from authors a1_0 where a1_0.email=?
]]></system-out>
  </testcase>
  <testcase name="testSaveAuthor" classname="com.sbits.library.repository.AuthorRepositoryTest" time="0.004">
    <system-out><![CDATA[Hibernate: select a1_0.id,a1_0.email,a1_0.name,a1_0.nationality from authors a1_0
Hibernate: insert into authors (email,name,nationality,id) values (?,?,?,default)
Hibernate: insert into authors (email,name,nationality,id) values (?,?,?,default)
]]></system-out>
  </testcase>
  <testcase name="testFindById" classname="com.sbits.library.repository.AuthorRepositoryTest" time="0.006">
    <system-out><![CDATA[Hibernate: select a1_0.id,a1_0.email,a1_0.name,a1_0.nationality from authors a1_0
Hibernate: insert into authors (email,name,nationality,id) values (?,?,?,default)
]]></system-out>
  </testcase>
  <testcase name="testFindByEmail" classname="com.sbits.library.repository.AuthorRepositoryTest" time="0.004">
    <system-out><![CDATA[Hibernate: select a1_0.id,a1_0.email,a1_0.name,a1_0.nationality from authors a1_0
Hibernate: insert into authors (email,name,nationality,id) values (?,?,?,default)
Hibernate: select a1_0.id,a1_0.email,a1_0.name,a1_0.nationality from authors a1_0 where a1_0.email=?
]]></system-out>
  </testcase>
</testsuite>